13:53:54.857 INFO  [main] com.hackx.CaptainAmericaApplication - Starting CaptainAmericaApplication on iamabadcoder with PID 1722 (/Users/iamabadcoder/IdeaProjects/marvel/captain-america/target/classes started by iamabadcoder in /Users/iamabadcoder/IdeaProjects/marvel)
13:53:54.859 INFO  [main] com.hackx.CaptainAmericaApplication - No active profile set, falling back to default profiles: default
13:53:55.175 INFO  [main] org.springframework.boot.context.embedded.AnnotationConfigEmbeddedWebApplicationContext - Refreshing org.springframework.boot.context.embedded.AnnotationConfigEmbeddedWebApplicationContext@40e6dfe1: startup date [Wed Nov 08 13:53:55 CST 2017]; root of context hierarchy
13:53:55.243 INFO  [background-preinit] org.hibernate.validator.internal.util.Version - HV000001: Hibernate Validator 5.3.5.Final
13:53:57.098 INFO  [main] org.springframework.boot.context.embedded.tomcat.TomcatEmbeddedServletContainer - Tomcat initialized with port(s): 8888 (http)
13:53:57.110 INFO  [main] org.apache.catalina.core.StandardService - Starting service [Tomcat]
13:53:57.111 INFO  [main] org.apache.catalina.core.StandardEngine - Starting Servlet Engine: Apache Tomcat/8.5.23
13:53:57.194 INFO  [localhost-startStop-1] org.apache.catalina.core.ContainerBase.[Tomcat].[localhost].[/] - Initializing Spring embedded WebApplicationContext
13:53:57.195 INFO  [localhost-startStop-1] org.springframework.web.context.ContextLoader - Root WebApplicationContext: initialization completed in 2019 ms
13:53:57.363 INFO  [localhost-startStop-1] org.springframework.boot.web.servlet.ServletRegistrationBean - Mapping servlet: 'dispatcherServlet' to [/]
13:53:57.368 INFO  [localhost-startStop-1] org.springframework.boot.web.servlet.FilterRegistrationBean - Mapping filter: 'characterEncodingFilter' to: [/*]
13:53:57.368 INFO  [localhost-startStop-1] org.springframework.boot.web.servlet.FilterRegistrationBean - Mapping filter: 'hiddenHttpMethodFilter' to: [/*]
13:53:57.368 INFO  [localhost-startStop-1] org.springframework.boot.web.servlet.FilterRegistrationBean - Mapping filter: 'httpPutFormContentFilter' to: [/*]
13:53:57.369 INFO  [localhost-startStop-1] org.springframework.boot.web.servlet.FilterRegistrationBean - Mapping filter: 'requestContextFilter' to: [/*]
13:53:57.805 INFO  [main] org.springframework.orm.jpa.LocalContainerEntityManagerFactoryBean - Building JPA container EntityManagerFactory for persistence unit 'default'
13:53:57.817 INFO  [main] org.hibernate.jpa.internal.util.LogHelper - HHH000204: Processing PersistenceUnitInfo [
	name: default
	...]
13:53:57.883 INFO  [main] org.hibernate.Version - HHH000412: Hibernate Core {5.0.12.Final}
13:53:57.884 INFO  [main] org.hibernate.cfg.Environment - HHH000206: hibernate.properties not found
13:53:57.886 INFO  [main] org.hibernate.cfg.Environment - HHH000021: Bytecode provider name : javassist
13:53:57.922 INFO  [main] org.hibernate.annotations.common.Version - HCANN000001: Hibernate Commons Annotations {5.0.1.Final}
